Build started 6/27/2016 1:15:16 AM.
     1>Project "D:\GitHub\RadonTransform\SphericalPolar3DTransformMEXArrayFire\SphericalPolar3DTransformMEXArrayFire\SphericalPolar3DTransformMEXArrayFire.vcxproj" on node 2 (Build target(s)).
     1>AddCudaCompileDeps:
         C:\Program Files (x86)\Microsoft Visual Studio 12.0\VC\bin\cl.exe /E /nologo /showIncludes /TP /D__CUDACC__ /DWIN32 /D_DEBUG /D_CONSOLE /D_MBCS /I"C:\Program Files\NVIDIA GPU Computing Toolkit\CUDA\v7.5\include" /I"C:\Program Files\NVIDIA GPU Computing Toolkit\CUDA\v7.5\bin" /I"C:\Program Files\NVIDIA GPU Computing Toolkit\CUDA\v7.5\include" /I. /FIcuda_runtime.h /c D:\GitHub\RadonTransform\SphericalPolar3DTransformMEXArrayFire\SphericalPolar3DTransformMEXArrayFire\kernel.cu 
       CudaBuild:
         Compiling CUDA source file kernel.cu...
         cmd.exe /C "C:\Users\Alam Abbas\AppData\Local\Temp\tmpab7269293b6e44f0986e72e5adc243d0.cmd"
         "C:\Program Files\NVIDIA GPU Computing Toolkit\CUDA\v7.5\bin\nvcc.exe" -gencode=arch=compute_20,code=\"sm_20,compute_20\" --use-local-env --cl-version 2013 -ccbin "C:\Program Files (x86)\Microsoft Visual Studio 12.0\VC\bin"  -I"C:\Program Files\NVIDIA GPU Computing Toolkit\CUDA\v7.5\include" -I"C:\Program Files\NVIDIA GPU Computing Toolkit\CUDA\v7.5\include"  -G   --keep-dir Debug -maxrregcount=0  --machine 32 --compile -cudart static  -g   -DWIN32 -D_DEBUG -D_CONSOLE -D_MBCS -Xcompiler "/EHsc /W3 /nologo /Od /Zi /RTC1 /MDd " -o Debug\kernel.cu.obj "D:\GitHub\RadonTransform\SphericalPolar3DTransformMEXArrayFire\SphericalPolar3DTransformMEXArrayFire\kernel.cu"
         
         D:\GitHub\RadonTransform\SphericalPolar3DTransformMEXArrayFire\SphericalPolar3DTransformMEXArrayFire>"C:\Program Files\NVIDIA GPU Computing Toolkit\CUDA\v7.5\bin\nvcc.exe" -gencode=arch=compute_20,code=\"sm_20,compute_20\" --use-local-env --cl-version 2013 -ccbin "C:\Program Files (x86)\Microsoft Visual Studio 12.0\VC\bin"  -I"C:\Program Files\NVIDIA GPU Computing Toolkit\CUDA\v7.5\include" -I"C:\Program Files\NVIDIA GPU Computing Toolkit\CUDA\v7.5\include"  -G   --keep-dir Debug -maxrregcount=0  --machine 32 --compile -cudart static  -g   -DWIN32 -D_DEBUG -D_CONSOLE -D_MBCS -Xcompiler "/EHsc /W3 /nologo /Od /Zi /RTC1 /MDd " -o Debug\kernel.cu.obj "D:\GitHub\RadonTransform\SphericalPolar3DTransformMEXArrayFire\SphericalPolar3DTransformMEXArrayFire\kernel.cu" 
         kernel.cu
       Link:
         C:\Program Files (x86)\Microsoft Visual Studio 12.0\VC\bin\link.exe /ERRORREPORT:PROMPT /OUT:"D:\GitHub\RadonTransform\SphericalPolar3DTransformMEXArrayFire\Debug\SphericalPolar3DTransformMEXArrayFire.exe" /INCREMENTAL /NOLOGO /LIBPATH:"C:\Program Files\NVIDIA GPU Computing Toolkit\CUDA\v7.5\lib\Win32" cudart.lib kernel32.lib user32.lib gdi32.lib winspool.lib comdlg32.lib advapi32.lib shell32.lib ole32.lib oleaut32.lib uuid.lib odbc32.lib odbccp32.lib kernel32.lib user32.lib gdi32.lib winspool.lib comdlg32.lib advapi32.lib shell32.lib ole32.lib oleaut32.lib uuid.lib odbc32.lib odbccp32.lib /MANIFEST /MANIFESTUAC:"level='asInvoker' uiAccess='false'" /manifest:embed /DEBUG /PDB:"D:\GitHub\RadonTransform\SphericalPolar3DTransformMEXArrayFire\Debug\SphericalPolar3DTransformMEXArrayFire.pdb" /SUBSYSTEM:CONSOLE /TLBID:1 /DYNAMICBASE /NXCOMPAT /IMPLIB:"D:\GitHub\RadonTransform\SphericalPolar3DTransformMEXArrayFire\Debug\SphericalPolar3DTransformMEXArrayFire.lib" /MACHINE:X86 Debug\kernel.cu.obj
         SphericalPolar3DTransformMEXArrayFire.vcxproj -> D:\GitHub\RadonTransform\SphericalPolar3DTransformMEXArrayFire\Debug\SphericalPolar3DTransformMEXArrayFire.exe
       PostBuildEvent:
         echo copy "C:\Program Files\NVIDIA GPU Computing Toolkit\CUDA\v7.5\bin\cudart*.dll" "D:\GitHub\RadonTransform\SphericalPolar3DTransformMEXArrayFire\Debug\"
         copy "C:\Program Files\NVIDIA GPU Computing Toolkit\CUDA\v7.5\bin\cudart*.dll" "D:\GitHub\RadonTransform\SphericalPolar3DTransformMEXArrayFire\Debug\"
         :VCEnd
         copy "C:\Program Files\NVIDIA GPU Computing Toolkit\CUDA\v7.5\bin\cudart*.dll" "D:\GitHub\RadonTransform\SphericalPolar3DTransformMEXArrayFire\Debug\"
         C:\Program Files\NVIDIA GPU Computing Toolkit\CUDA\v7.5\bin\cudart32_75.dll
         C:\Program Files\NVIDIA GPU Computing Toolkit\CUDA\v7.5\bin\cudart64_75.dll
                 2 file(s) copied.
     1>Done Building Project "D:\GitHub\RadonTransform\SphericalPolar3DTransformMEXArrayFire\SphericalPolar3DTransformMEXArrayFire\SphericalPolar3DTransformMEXArrayFire.vcxproj" (Build target(s)).

Build succeeded.

Time Elapsed 00:00:04.01
