Build started 1/23/2017 2:49:18 AM.
     1>Project "D:\GitHub\RadonTransform\SphericalPolar3DTransformConsoleApp\SphericalPolar3DTransformConsoleApp\SphericalPolar3DTransformConsoleApp.vcxproj" on node 2 (Rebuild target(s)).
     1>CudaClean:
         cmd.exe /C "C:\Users\Alam Abbas\AppData\Local\Temp\tmp952348ad33f74908b644a221862a4536.cmd"
         "C:\Program Files\NVIDIA GPU Computing Toolkit\CUDA\v7.5\bin\nvcc.exe" -ccbin "C:\Program Files (x86)\Microsoft Visual Studio 12.0\VC\bin\x86_amd64"  -I"C:\Program Files\ArrayFire\v3/include" -I"C:\Program Files\NVIDIA GPU Computing Toolkit\CUDA\v7.5\include" -I"C:\Program Files\NVIDIA GPU Computing Toolkit\CUDA\v7.5\include"     --keep-dir x64\Release -maxrregcount=0  --machine 64 --compile      -DWIN32 -DWIN64 -DNDEBUG -D_CONSOLE -D_MBCS -Xcompiler "/EHsc /W3 /nologo /O2 /Zi  /MD " -o x64\Release\Test3DRadonOnConsoleProperConventions.cu.obj "D:\GitHub\RadonTransform\SphericalPolar3DTransformConsoleApp\SphericalPolar3DTransformConsoleApp\Test3DRadonOnConsoleProperConventions.cu" -clean
         
         D:\GitHub\RadonTransform\SphericalPolar3DTransformConsoleApp\SphericalPolar3DTransformConsoleApp>"C:\Program Files\NVIDIA GPU Computing Toolkit\CUDA\v7.5\bin\nvcc.exe" -ccbin "C:\Program Files (x86)\Microsoft Visual Studio 12.0\VC\bin\x86_amd64"  -I"C:\Program Files\ArrayFire\v3/include" -I"C:\Program Files\NVIDIA GPU Computing Toolkit\CUDA\v7.5\include" -I"C:\Program Files\NVIDIA GPU Computing Toolkit\CUDA\v7.5\include"     --keep-dir x64\Release -maxrregcount=0  --machine 64 --compile      -DWIN32 -DWIN64 -DNDEBUG -D_CONSOLE -D_MBCS -Xcompiler "/EHsc /W3 /nologo /O2 /Zi  /MD " -o x64\Release\Test3DRadonOnConsoleProperConventions.cu.obj "D:\GitHub\RadonTransform\SphericalPolar3DTransformConsoleApp\SphericalPolar3DTransformConsoleApp\Test3DRadonOnConsoleProperConventions.cu" -clean 
         Test3DRadonOnConsoleProperConventions.cu
       AddCudaCompileDeps:
         C:\Program Files (x86)\Microsoft Visual Studio 12.0\VC\bin\x86_amd64\cl.exe /E /nologo /showIncludes /TP /D__CUDACC__ /DWIN32 /DWIN64 /DNDEBUG /D_CONSOLE /D_MBCS /I"C:\Program Files\ArrayFire\v3/include" /I"C:\Program Files\NVIDIA GPU Computing Toolkit\CUDA\v7.5\include" /I"C:\Program Files\NVIDIA GPU Computing Toolkit\CUDA\v7.5\bin" /I"C:\Program Files\NVIDIA GPU Computing Toolkit\CUDA\v7.5\include" /I. /FIcuda_runtime.h /c D:\GitHub\RadonTransform\SphericalPolar3DTransformConsoleApp\SphericalPolar3DTransformConsoleApp\Test3DRadonOnConsoleProperConventions.cu 
       CudaBuild:
         Compiling CUDA source file Test3DRadonOnConsoleProperConventions.cu...
         cmd.exe /C "C:\Users\Alam Abbas\AppData\Local\Temp\tmp97226a8514a64943b995ce64a139e25a.cmd"
         "C:\Program Files\NVIDIA GPU Computing Toolkit\CUDA\v7.5\bin\nvcc.exe" -gencode=arch=compute_20,code=\"sm_20,compute_20\" --use-local-env --cl-version 2013 -ccbin "C:\Program Files (x86)\Microsoft Visual Studio 12.0\VC\bin\x86_amd64"  -I"C:\Program Files\ArrayFire\v3/include" -I"C:\Program Files\NVIDIA GPU Computing Toolkit\CUDA\v7.5\include" -I"C:\Program Files\NVIDIA GPU Computing Toolkit\CUDA\v7.5\include"     --keep-dir x64\Release -maxrregcount=0  --machine 64 --compile -cudart static     -DWIN32 -DWIN64 -DNDEBUG -D_CONSOLE -D_MBCS -Xcompiler "/EHsc /W3 /nologo /O2 /Zi  /MD " -o x64\Release\Test3DRadonOnConsoleProperConventions.cu.obj "D:\GitHub\RadonTransform\SphericalPolar3DTransformConsoleApp\SphericalPolar3DTransformConsoleApp\Test3DRadonOnConsoleProperConventions.cu"
         
         D:\GitHub\RadonTransform\SphericalPolar3DTransformConsoleApp\SphericalPolar3DTransformConsoleApp>"C:\Program Files\NVIDIA GPU Computing Toolkit\CUDA\v7.5\bin\nvcc.exe" -gencode=arch=compute_20,code=\"sm_20,compute_20\" --use-local-env --cl-version 2013 -ccbin "C:\Program Files (x86)\Microsoft Visual Studio 12.0\VC\bin\x86_amd64"  -I"C:\Program Files\ArrayFire\v3/include" -I"C:\Program Files\NVIDIA GPU Computing Toolkit\CUDA\v7.5\include" -I"C:\Program Files\NVIDIA GPU Computing Toolkit\CUDA\v7.5\include"     --keep-dir x64\Release -maxrregcount=0  --machine 64 --compile -cudart static     -DWIN32 -DWIN64 -DNDEBUG -D_CONSOLE -D_MBCS -Xcompiler "/EHsc /W3 /nologo /O2 /Zi  /MD " -o x64\Release\Test3DRadonOnConsoleProperConventions.cu.obj "D:\GitHub\RadonTransform\SphericalPolar3DTransformConsoleApp\SphericalPolar3DTransformConsoleApp\Test3DRadonOnConsoleProperConventions.cu" 
     1>D:/GitHub/RadonTransform/SphericalPolar3DTransformConsoleApp/SphericalPolar3DTransformConsoleApp/Test3DRadonOnConsoleProperConventions.cu(330): warning : variable "N" was declared but never referenced
     1>D:/GitHub/RadonTransform/SphericalPolar3DTransformConsoleApp/SphericalPolar3DTransformConsoleApp/Test3DRadonOnConsoleProperConventions.cu(507): warning : initial value of reference to non-const must be an lvalue
     1>D:/GitHub/RadonTransform/SphericalPolar3DTransformConsoleApp/SphericalPolar3DTransformConsoleApp/Test3DRadonOnConsoleProperConventions.cu(629): warning : initial value of reference to non-const must be an lvalue
     1>D:/GitHub/RadonTransform/SphericalPolar3DTransformConsoleApp/SphericalPolar3DTransformConsoleApp/Test3DRadonOnConsoleProperConventions.cu(634): warning : initial value of reference to non-const must be an lvalue
     1>D:/GitHub/RadonTransform/SphericalPolar3DTransformConsoleApp/SphericalPolar3DTransformConsoleApp/Test3DRadonOnConsoleProperConventions.cu(635): warning : initial value of reference to non-const must be an lvalue
     1>D:/GitHub/RadonTransform/SphericalPolar3DTransformConsoleApp/SphericalPolar3DTransformConsoleApp/Test3DRadonOnConsoleProperConventions.cu(690): warning : initial value of reference to non-const must be an lvalue
     1>D:/GitHub/RadonTransform/SphericalPolar3DTransformConsoleApp/SphericalPolar3DTransformConsoleApp/Test3DRadonOnConsoleProperConventions.cu(693): warning : initial value of reference to non-const must be an lvalue
     1>D:/GitHub/RadonTransform/SphericalPolar3DTransformConsoleApp/SphericalPolar3DTransformConsoleApp/Test3DRadonOnConsoleProperConventions.cu(694): warning : initial value of reference to non-const must be an lvalue
     1>D:/GitHub/RadonTransform/SphericalPolar3DTransformConsoleApp/SphericalPolar3DTransformConsoleApp/Test3DRadonOnConsoleProperConventions.cu(727): warning : initial value of reference to non-const must be an lvalue
     1>D:/GitHub/RadonTransform/SphericalPolar3DTransformConsoleApp/SphericalPolar3DTransformConsoleApp/Test3DRadonOnConsoleProperConventions.cu(730): warning : initial value of reference to non-const must be an lvalue
     1>D:/GitHub/RadonTransform/SphericalPolar3DTransformConsoleApp/SphericalPolar3DTransformConsoleApp/Test3DRadonOnConsoleProperConventions.cu(731): warning : initial value of reference to non-const must be an lvalue
     1>D:/GitHub/RadonTransform/SphericalPolar3DTransformConsoleApp/SphericalPolar3DTransformConsoleApp/Test3DRadonOnConsoleProperConventions.cu(794): warning : initial value of reference to non-const must be an lvalue
     1>D:/GitHub/RadonTransform/SphericalPolar3DTransformConsoleApp/SphericalPolar3DTransformConsoleApp/Test3DRadonOnConsoleProperConventions.cu(797): warning : initial value of reference to non-const must be an lvalue
     1>D:/GitHub/RadonTransform/SphericalPolar3DTransformConsoleApp/SphericalPolar3DTransformConsoleApp/Test3DRadonOnConsoleProperConventions.cu(798): warning : initial value of reference to non-const must be an lvalue
     1>D:/GitHub/RadonTransform/SphericalPolar3DTransformConsoleApp/SphericalPolar3DTransformConsoleApp/Test3DRadonOnConsoleProperConventions.cu(882): warning : variable "dwPriorityClass" was declared but never referenced
     1>D:/GitHub/RadonTransform/SphericalPolar3DTransformConsoleApp/SphericalPolar3DTransformConsoleApp/Test3DRadonOnConsoleProperConventions.cu(994): warning : variable "N" was declared but never referenced
     1>D:/GitHub/RadonTransform/SphericalPolar3DTransformConsoleApp/SphericalPolar3DTransformConsoleApp/Test3DRadonOnConsoleProperConventions.cu(843): warning : function "MakeFileEntriesAsInputs" was declared but never referenced
     1>D:/GitHub/RadonTransform/SphericalPolar3DTransformConsoleApp/SphericalPolar3DTransformConsoleApp/Test3DRadonOnConsoleProperConventions.cu(855): warning : function "MakeFileEntriesAsResults" was declared but never referenced
     1>D:/GitHub/RadonTransform/SphericalPolar3DTransformConsoleApp/SphericalPolar3DTransformConsoleApp/Test3DRadonOnConsoleProperConventions.cu(330): warning : variable "N" was declared but never referenced
     1>D:/GitHub/RadonTransform/SphericalPolar3DTransformConsoleApp/SphericalPolar3DTransformConsoleApp/Test3DRadonOnConsoleProperConventions.cu(507): warning : initial value of reference to non-const must be an lvalue
     1>D:/GitHub/RadonTransform/SphericalPolar3DTransformConsoleApp/SphericalPolar3DTransformConsoleApp/Test3DRadonOnConsoleProperConventions.cu(629): warning : initial value of reference to non-const must be an lvalue
     1>D:/GitHub/RadonTransform/SphericalPolar3DTransformConsoleApp/SphericalPolar3DTransformConsoleApp/Test3DRadonOnConsoleProperConventions.cu(634): warning : initial value of reference to non-const must be an lvalue
     1>D:/GitHub/RadonTransform/SphericalPolar3DTransformConsoleApp/SphericalPolar3DTransformConsoleApp/Test3DRadonOnConsoleProperConventions.cu(635): warning : initial value of reference to non-const must be an lvalue
     1>D:/GitHub/RadonTransform/SphericalPolar3DTransformConsoleApp/SphericalPolar3DTransformConsoleApp/Test3DRadonOnConsoleProperConventions.cu(690): warning : initial value of reference to non-const must be an lvalue
     1>D:/GitHub/RadonTransform/SphericalPolar3DTransformConsoleApp/SphericalPolar3DTransformConsoleApp/Test3DRadonOnConsoleProperConventions.cu(693): warning : initial value of reference to non-const must be an lvalue
     1>D:/GitHub/RadonTransform/SphericalPolar3DTransformConsoleApp/SphericalPolar3DTransformConsoleApp/Test3DRadonOnConsoleProperConventions.cu(694): warning : initial value of reference to non-const must be an lvalue
     1>D:/GitHub/RadonTransform/SphericalPolar3DTransformConsoleApp/SphericalPolar3DTransformConsoleApp/Test3DRadonOnConsoleProperConventions.cu(727): warning : initial value of reference to non-const must be an lvalue
     1>D:/GitHub/RadonTransform/SphericalPolar3DTransformConsoleApp/SphericalPolar3DTransformConsoleApp/Test3DRadonOnConsoleProperConventions.cu(730): warning : initial value of reference to non-const must be an lvalue
     1>D:/GitHub/RadonTransform/SphericalPolar3DTransformConsoleApp/SphericalPolar3DTransformConsoleApp/Test3DRadonOnConsoleProperConventions.cu(731): warning : initial value of reference to non-const must be an lvalue
     1>D:/GitHub/RadonTransform/SphericalPolar3DTransformConsoleApp/SphericalPolar3DTransformConsoleApp/Test3DRadonOnConsoleProperConventions.cu(794): warning : initial value of reference to non-const must be an lvalue
     1>D:/GitHub/RadonTransform/SphericalPolar3DTransformConsoleApp/SphericalPolar3DTransformConsoleApp/Test3DRadonOnConsoleProperConventions.cu(797): warning : initial value of reference to non-const must be an lvalue
     1>D:/GitHub/RadonTransform/SphericalPolar3DTransformConsoleApp/SphericalPolar3DTransformConsoleApp/Test3DRadonOnConsoleProperConventions.cu(798): warning : initial value of reference to non-const must be an lvalue
     1>D:/GitHub/RadonTransform/SphericalPolar3DTransformConsoleApp/SphericalPolar3DTransformConsoleApp/Test3DRadonOnConsoleProperConventions.cu(882): warning : variable "dwPriorityClass" was declared but never referenced
     1>D:/GitHub/RadonTransform/SphericalPolar3DTransformConsoleApp/SphericalPolar3DTransformConsoleApp/Test3DRadonOnConsoleProperConventions.cu(994): warning : variable "N" was declared but never referenced
     1>D:/GitHub/RadonTransform/SphericalPolar3DTransformConsoleApp/SphericalPolar3DTransformConsoleApp/Test3DRadonOnConsoleProperConventions.cu(843): warning : function "MakeFileEntriesAsInputs" was declared but never referenced
     1>D:/GitHub/RadonTransform/SphericalPolar3DTransformConsoleApp/SphericalPolar3DTransformConsoleApp/Test3DRadonOnConsoleProperConventions.cu(855): warning : function "MakeFileEntriesAsResults" was declared but never referenced
         Test3DRadonOnConsoleProperConventions.cu
     1>D:/GitHub/RadonTransform/SphericalPolar3DTransformConsoleApp/SphericalPolar3DTransformConsoleApp/Test3DRadonOnConsoleProperConventions.cu(468): warning C4244: 'initializing' : conversion from 'double' to 'int', possible loss of data
     1>D:/GitHub/RadonTransform/SphericalPolar3DTransformConsoleApp/SphericalPolar3DTransformConsoleApp/Test3DRadonOnConsoleProperConventions.cu(536): warning C4244: 'initializing' : conversion from 'int' to 'float', possible loss of data
     1>D:/GitHub/RadonTransform/SphericalPolar3DTransformConsoleApp/SphericalPolar3DTransformConsoleApp/Test3DRadonOnConsoleProperConventions.cu(539): warning C4244: 'argument' : conversion from 'float' to 'int', possible loss of data
     1>D:/GitHub/RadonTransform/SphericalPolar3DTransformConsoleApp/SphericalPolar3DTransformConsoleApp/Test3DRadonOnConsoleProperConventions.cu(540): warning C4244: 'argument' : conversion from 'float' to 'int', possible loss of data
     1>D:/GitHub/RadonTransform/SphericalPolar3DTransformConsoleApp/SphericalPolar3DTransformConsoleApp/Test3DRadonOnConsoleProperConventions.cu(548): warning C4244: 'argument' : conversion from 'double' to 'int', possible loss of data
     1>D:/GitHub/RadonTransform/SphericalPolar3DTransformConsoleApp/SphericalPolar3DTransformConsoleApp/Test3DRadonOnConsoleProperConventions.cu(549): warning C4244: 'argument' : conversion from 'double' to 'int', possible loss of data
     1>D:/GitHub/RadonTransform/SphericalPolar3DTransformConsoleApp/SphericalPolar3DTransformConsoleApp/Test3DRadonOnConsoleProperConventions.cu(835): warning C4244: 'initializing' : conversion from 'float' to 'int', possible loss of data
     1>D:/GitHub/RadonTransform/SphericalPolar3DTransformConsoleApp/SphericalPolar3DTransformConsoleApp/Test3DRadonOnConsoleProperConventions.cu(836): warning C4244: 'initializing' : conversion from 'float' to 'int', possible loss of data
     1>D:/GitHub/RadonTransform/SphericalPolar3DTransformConsoleApp/SphericalPolar3DTransformConsoleApp/Test3DRadonOnConsoleProperConventions.cu(882): warning C4101: 'dwPriorityClass' : unreferenced local variable
     1>D:/GitHub/RadonTransform/SphericalPolar3DTransformConsoleApp/SphericalPolar3DTransformConsoleApp/Test3DRadonOnConsoleProperConventions.cu(955): warning C4996: 'af::devicecount': Use getDeviceCount instead
                 c:\program files\arrayfire\v3\include\af/compatible.h(22) : see declaration of 'af::devicecount'
     1>D:/GitHub/RadonTransform/SphericalPolar3DTransformConsoleApp/SphericalPolar3DTransformConsoleApp/Test3DRadonOnConsoleProperConventions.cu(1056): warning C4244: 'initializing' : conversion from 'float' to 'int', possible loss of data
     1>D:/GitHub/RadonTransform/SphericalPolar3DTransformConsoleApp/SphericalPolar3DTransformConsoleApp/Test3DRadonOnConsoleProperConventions.cu(1057): warning C4244: 'initializing' : conversion from 'float' to 'int', possible loss of data
       Link:
         C:\Program Files (x86)\Microsoft Visual Studio 12.0\VC\bin\x86_amd64\link.exe /ERRORREPORT:PROMPT /OUT:"D:\GitHub\RadonTransform\SphericalPolar3DTransformConsoleApp\x64\Release\SphericalPolar3DTransformConsoleApp.exe" /NOLOGO /LIBPATH:"C:\Program Files\ArrayFire\v3/lib" /LIBPATH:"C:\Program Files\NVIDIA GPU Computing Toolkit\CUDA\v7.5\lib\x64" cudart.lib kernel32.lib user32.lib gdi32.lib winspool.lib comdlg32.lib advapi32.lib shell32.lib ole32.lib oleaut32.lib uuid.lib odbc32.lib odbccp32.lib afcuda.lib kernel32.lib user32.lib gdi32.lib winspool.lib comdlg32.lib advapi32.lib shell32.lib ole32.lib oleaut32.lib uuid.lib odbc32.lib odbccp32.lib /MANIFEST /MANIFESTUAC:"level='asInvoker' uiAccess='false'" /manifest:embed /DEBUG /PDB:"D:\GitHub\RadonTransform\SphericalPolar3DTransformConsoleApp\x64\Release\SphericalPolar3DTransformConsoleApp.pdb" /SUBSYSTEM:CONSOLE /OPT:REF /OPT:ICF /LTCG /TLBID:1 /DYNAMICBASE /NXCOMPAT /IMPLIB:"D:\GitHub\RadonTransform\SphericalPolar3DTransformConsoleApp\x64\Release\SphericalPolar3DTransformConsoleApp.lib" /MACHINE:X64 x64\Release\Test3DRadonOnConsoleProperConventions.cu.obj
         LINK : /LTCG specified but no code generation required; remove /LTCG from the link command line to improve linker performance
         SphericalPolar3DTransformConsoleApp.vcxproj -> D:\GitHub\RadonTransform\SphericalPolar3DTransformConsoleApp\x64\Release\SphericalPolar3DTransformConsoleApp.exe
       PostBuildEvent:
         echo copy "C:\Program Files\NVIDIA GPU Computing Toolkit\CUDA\v7.5\bin\cudart*.dll" "D:\GitHub\RadonTransform\SphericalPolar3DTransformConsoleApp\x64\Release\"
         copy "C:\Program Files\NVIDIA GPU Computing Toolkit\CUDA\v7.5\bin\cudart*.dll" "D:\GitHub\RadonTransform\SphericalPolar3DTransformConsoleApp\x64\Release\"
         echo copy "C:\Program Files\NVIDIA GPU Computing Toolkit\CUDA\v7.5\nvvm\bin\nvvm64*.dll" "D:\GitHub\RadonTransform\SphericalPolar3DTransformConsoleApp\x64\Release\"
         copy "C:\Program Files\NVIDIA GPU Computing Toolkit\CUDA\v7.5\nvvm\bin\nvvm64*.dll" "D:\GitHub\RadonTransform\SphericalPolar3DTransformConsoleApp\x64\Release\"
         :VCEnd
         copy "C:\Program Files\NVIDIA GPU Computing Toolkit\CUDA\v7.5\bin\cudart*.dll" "D:\GitHub\RadonTransform\SphericalPolar3DTransformConsoleApp\x64\Release\"
         C:\Program Files\NVIDIA GPU Computing Toolkit\CUDA\v7.5\bin\cudart32_75.dll
         C:\Program Files\NVIDIA GPU Computing Toolkit\CUDA\v7.5\bin\cudart64_75.dll
                 2 file(s) copied.
         copy "C:\Program Files\NVIDIA GPU Computing Toolkit\CUDA\v7.5\nvvm\bin\nvvm64*.dll" "D:\GitHub\RadonTransform\SphericalPolar3DTransformConsoleApp\x64\Release\"
         C:\Program Files\NVIDIA GPU Computing Toolkit\CUDA\v7.5\nvvm\bin\nvvm64_30_0.dll
                 1 file(s) copied.
     1>Done Building Project "D:\GitHub\RadonTransform\SphericalPolar3DTransformConsoleApp\SphericalPolar3DTransformConsoleApp\SphericalPolar3DTransformConsoleApp.vcxproj" (Rebuild target(s)).

Build succeeded.

Time Elapsed 00:00:09.01
