Build started 6/28/2016 11:11:04 AM.
     1>Project "D:\GitHub\RadonTransform\SphericalPolar3DTransformMEXArrayFire\SphericalPolar3DTransformMEXArrayFire\SphericalPolar3DTransformMEXArrayFire.vcxproj" on node 2 (Rebuild target(s)).
     1>CudaClean:
         cmd.exe /C "C:\Users\Alam Abbas\AppData\Local\Temp\tmpc87ee12e62df4982a0d2c8aa511ee8d7.cmd"
         "C:\Program Files\NVIDIA GPU Computing Toolkit\CUDA\v7.5\bin\nvcc.exe" -ccbin "C:\Program Files (x86)\Microsoft Visual Studio 12.0\VC\bin\x86_amd64"  -I"C:\Program Files\ArrayFire\v3/include" -I"C:\Program Files\MATLAB\MATLAB Production Server\R2015a\extern\include" -I"C:\Program Files\MATLAB\MATLAB Production Server\R2015a\toolbox\distcomp\gpu\extern\include" -I"C:\Program Files\NVIDIA GPU Computing Toolkit\CUDA\v7.5\include" -I"C:\Program Files\NVIDIA GPU Computing Toolkit\CUDA\v7.5\include"     --keep-dir x64\Release -maxrregcount=0  --machine 64 --compile      -DWIN32 -DWIN64 -DNDEBUG -D_CONSOLE -DMATLAB_MEX_FILE -D_WINDLL -D_MBCS -Xcompiler "/EHsc /W3 /nologo /O2 /Zi  /MD " -o x64\Release\CUDAMexArrayFire3DSphericalPolarDFT.cu.obj "D:\GitHub\RadonTransform\SphericalPolar3DTransformMEXArrayFire\SphericalPolar3DTransformMEXArrayFire\CUDAMexArrayFire3DSphericalPolarDFT.cu" -clean
         
         D:\GitHub\RadonTransform\SphericalPolar3DTransformMEXArrayFire\SphericalPolar3DTransformMEXArrayFire>"C:\Program Files\NVIDIA GPU Computing Toolkit\CUDA\v7.5\bin\nvcc.exe" -ccbin "C:\Program Files (x86)\Microsoft Visual Studio 12.0\VC\bin\x86_amd64"  -I"C:\Program Files\ArrayFire\v3/include" -I"C:\Program Files\MATLAB\MATLAB Production Server\R2015a\extern\include" -I"C:\Program Files\MATLAB\MATLAB Production Server\R2015a\toolbox\distcomp\gpu\extern\include" -I"C:\Program Files\NVIDIA GPU Computing Toolkit\CUDA\v7.5\include" -I"C:\Program Files\NVIDIA GPU Computing Toolkit\CUDA\v7.5\include"     --keep-dir x64\Release -maxrregcount=0  --machine 64 --compile      -DWIN32 -DWIN64 -DNDEBUG -D_CONSOLE -DMATLAB_MEX_FILE -D_WINDLL -D_MBCS -Xcompiler "/EHsc /W3 /nologo /O2 /Zi  /MD " -o x64\Release\CUDAMexArrayFire3DSphericalPolarDFT.cu.obj "D:\GitHub\RadonTransform\SphericalPolar3DTransformMEXArrayFire\SphericalPolar3DTransformMEXArrayFire\CUDAMexArrayFire3DSphericalPolarDFT.cu" -clean 
         CUDAMexArrayFire3DSphericalPolarDFT.cu
       AddCudaCompileDeps:
         C:\Program Files (x86)\Microsoft Visual Studio 12.0\VC\bin\x86_amd64\cl.exe /E /nologo /showIncludes /TP /D__CUDACC__ /DWIN32 /DWIN64 /DNDEBUG /D_CONSOLE /DMATLAB_MEX_FILE /D_WINDLL /D_MBCS /I"C:\Program Files\ArrayFire\v3/include" /I"C:\Program Files\MATLAB\MATLAB Production Server\R2015a\extern\include" /I"C:\Program Files\MATLAB\MATLAB Production Server\R2015a\toolbox\distcomp\gpu\extern\include" /I"C:\Program Files\NVIDIA GPU Computing Toolkit\CUDA\v7.5\include" /I"C:\Program Files\NVIDIA GPU Computing Toolkit\CUDA\v7.5\bin" /I"C:\Program Files\NVIDIA GPU Computing Toolkit\CUDA\v7.5\include" /I. /FIcuda_runtime.h /c D:\GitHub\RadonTransform\SphericalPolar3DTransformMEXArrayFire\SphericalPolar3DTransformMEXArrayFire\CUDAMexArrayFire3DSphericalPolarDFT.cu 
       CudaBuild:
         Compiling CUDA source file CUDAMexArrayFire3DSphericalPolarDFT.cu...
         cmd.exe /C "C:\Users\Alam Abbas\AppData\Local\Temp\tmp4d89655a7c424fc48063ba7ffefa36c1.cmd"
         "C:\Program Files\NVIDIA GPU Computing Toolkit\CUDA\v7.5\bin\nvcc.exe" -gencode=arch=compute_20,code=\"sm_20,compute_20\" --use-local-env --cl-version 2013 -ccbin "C:\Program Files (x86)\Microsoft Visual Studio 12.0\VC\bin\x86_amd64"  -I"C:\Program Files\ArrayFire\v3/include" -I"C:\Program Files\MATLAB\MATLAB Production Server\R2015a\extern\include" -I"C:\Program Files\MATLAB\MATLAB Production Server\R2015a\toolbox\distcomp\gpu\extern\include" -I"C:\Program Files\NVIDIA GPU Computing Toolkit\CUDA\v7.5\include" -I"C:\Program Files\NVIDIA GPU Computing Toolkit\CUDA\v7.5\include"     --keep-dir x64\Release -maxrregcount=0  --machine 64 --compile -cudart static     -DWIN32 -DWIN64 -DNDEBUG -D_CONSOLE -DMATLAB_MEX_FILE -D_WINDLL -D_MBCS -Xcompiler "/EHsc /W3 /nologo /O2 /Zi  /MD " -o x64\Release\CUDAMexArrayFire3DSphericalPolarDFT.cu.obj "D:\GitHub\RadonTransform\SphericalPolar3DTransformMEXArrayFire\SphericalPolar3DTransformMEXArrayFire\CUDAMexArrayFire3DSphericalPolarDFT.cu"
         
         D:\GitHub\RadonTransform\SphericalPolar3DTransformMEXArrayFire\SphericalPolar3DTransformMEXArrayFire>"C:\Program Files\NVIDIA GPU Computing Toolkit\CUDA\v7.5\bin\nvcc.exe" -gencode=arch=compute_20,code=\"sm_20,compute_20\" --use-local-env --cl-version 2013 -ccbin "C:\Program Files (x86)\Microsoft Visual Studio 12.0\VC\bin\x86_amd64"  -I"C:\Program Files\ArrayFire\v3/include" -I"C:\Program Files\MATLAB\MATLAB Production Server\R2015a\extern\include" -I"C:\Program Files\MATLAB\MATLAB Production Server\R2015a\toolbox\distcomp\gpu\extern\include" -I"C:\Program Files\NVIDIA GPU Computing Toolkit\CUDA\v7.5\include" -I"C:\Program Files\NVIDIA GPU Computing Toolkit\CUDA\v7.5\include"     --keep-dir x64\Release -maxrregcount=0  --machine 64 --compile -cudart static     -DWIN32 -DWIN64 -DNDEBUG -D_CONSOLE -DMATLAB_MEX_FILE -D_WINDLL -D_MBCS -Xcompiler "/EHsc /W3 /nologo /O2 /Zi  /MD " -o x64\Release\CUDAMexArrayFire3DSphericalPolarDFT.cu.obj "D:\GitHub\RadonTransform\SphericalPolar3DTransformMEXArrayFire\SphericalPolar3DTransformMEXArrayFire\CUDAMexArrayFire3DSphericalPolarDFT.cu" 
     1>D:/GitHub/RadonTransform/SphericalPolar3DTransformMEXArrayFire/SphericalPolar3DTransformMEXArrayFire/CUDAMexArrayFire3DSphericalPolarDFT.cu(326): warning : initial value of reference to non-const must be an lvalue
     1>D:/GitHub/RadonTransform/SphericalPolar3DTransformMEXArrayFire/SphericalPolar3DTransformMEXArrayFire/CUDAMexArrayFire3DSphericalPolarDFT.cu(448): warning : initial value of reference to non-const must be an lvalue
     1>D:/GitHub/RadonTransform/SphericalPolar3DTransformMEXArrayFire/SphericalPolar3DTransformMEXArrayFire/CUDAMexArrayFire3DSphericalPolarDFT.cu(453): warning : initial value of reference to non-const must be an lvalue
     1>D:/GitHub/RadonTransform/SphericalPolar3DTransformMEXArrayFire/SphericalPolar3DTransformMEXArrayFire/CUDAMexArrayFire3DSphericalPolarDFT.cu(454): warning : initial value of reference to non-const must be an lvalue
     1>D:/GitHub/RadonTransform/SphericalPolar3DTransformMEXArrayFire/SphericalPolar3DTransformMEXArrayFire/CUDAMexArrayFire3DSphericalPolarDFT.cu(509): warning : initial value of reference to non-const must be an lvalue
     1>D:/GitHub/RadonTransform/SphericalPolar3DTransformMEXArrayFire/SphericalPolar3DTransformMEXArrayFire/CUDAMexArrayFire3DSphericalPolarDFT.cu(512): warning : initial value of reference to non-const must be an lvalue
     1>D:/GitHub/RadonTransform/SphericalPolar3DTransformMEXArrayFire/SphericalPolar3DTransformMEXArrayFire/CUDAMexArrayFire3DSphericalPolarDFT.cu(513): warning : initial value of reference to non-const must be an lvalue
     1>D:/GitHub/RadonTransform/SphericalPolar3DTransformMEXArrayFire/SphericalPolar3DTransformMEXArrayFire/CUDAMexArrayFire3DSphericalPolarDFT.cu(546): warning : initial value of reference to non-const must be an lvalue
     1>D:/GitHub/RadonTransform/SphericalPolar3DTransformMEXArrayFire/SphericalPolar3DTransformMEXArrayFire/CUDAMexArrayFire3DSphericalPolarDFT.cu(549): warning : initial value of reference to non-const must be an lvalue
     1>D:/GitHub/RadonTransform/SphericalPolar3DTransformMEXArrayFire/SphericalPolar3DTransformMEXArrayFire/CUDAMexArrayFire3DSphericalPolarDFT.cu(550): warning : initial value of reference to non-const must be an lvalue
     1>D:/GitHub/RadonTransform/SphericalPolar3DTransformMEXArrayFire/SphericalPolar3DTransformMEXArrayFire/CUDAMexArrayFire3DSphericalPolarDFT.cu(613): warning : initial value of reference to non-const must be an lvalue
     1>D:/GitHub/RadonTransform/SphericalPolar3DTransformMEXArrayFire/SphericalPolar3DTransformMEXArrayFire/CUDAMexArrayFire3DSphericalPolarDFT.cu(616): warning : initial value of reference to non-const must be an lvalue
     1>D:/GitHub/RadonTransform/SphericalPolar3DTransformMEXArrayFire/SphericalPolar3DTransformMEXArrayFire/CUDAMexArrayFire3DSphericalPolarDFT.cu(617): warning : initial value of reference to non-const must be an lvalue
     1>D:/GitHub/RadonTransform/SphericalPolar3DTransformMEXArrayFire/SphericalPolar3DTransformMEXArrayFire/CUDAMexArrayFire3DSphericalPolarDFT.cu(711): warning : variable "N" was declared but never referenced
     1>D:/GitHub/RadonTransform/SphericalPolar3DTransformMEXArrayFire/SphericalPolar3DTransformMEXArrayFire/CUDAMexArrayFire3DSphericalPolarDFT.cu(326): warning : initial value of reference to non-const must be an lvalue
     1>D:/GitHub/RadonTransform/SphericalPolar3DTransformMEXArrayFire/SphericalPolar3DTransformMEXArrayFire/CUDAMexArrayFire3DSphericalPolarDFT.cu(448): warning : initial value of reference to non-const must be an lvalue
     1>D:/GitHub/RadonTransform/SphericalPolar3DTransformMEXArrayFire/SphericalPolar3DTransformMEXArrayFire/CUDAMexArrayFire3DSphericalPolarDFT.cu(453): warning : initial value of reference to non-const must be an lvalue
     1>D:/GitHub/RadonTransform/SphericalPolar3DTransformMEXArrayFire/SphericalPolar3DTransformMEXArrayFire/CUDAMexArrayFire3DSphericalPolarDFT.cu(454): warning : initial value of reference to non-const must be an lvalue
     1>D:/GitHub/RadonTransform/SphericalPolar3DTransformMEXArrayFire/SphericalPolar3DTransformMEXArrayFire/CUDAMexArrayFire3DSphericalPolarDFT.cu(509): warning : initial value of reference to non-const must be an lvalue
     1>D:/GitHub/RadonTransform/SphericalPolar3DTransformMEXArrayFire/SphericalPolar3DTransformMEXArrayFire/CUDAMexArrayFire3DSphericalPolarDFT.cu(512): warning : initial value of reference to non-const must be an lvalue
     1>D:/GitHub/RadonTransform/SphericalPolar3DTransformMEXArrayFire/SphericalPolar3DTransformMEXArrayFire/CUDAMexArrayFire3DSphericalPolarDFT.cu(513): warning : initial value of reference to non-const must be an lvalue
     1>D:/GitHub/RadonTransform/SphericalPolar3DTransformMEXArrayFire/SphericalPolar3DTransformMEXArrayFire/CUDAMexArrayFire3DSphericalPolarDFT.cu(546): warning : initial value of reference to non-const must be an lvalue
     1>D:/GitHub/RadonTransform/SphericalPolar3DTransformMEXArrayFire/SphericalPolar3DTransformMEXArrayFire/CUDAMexArrayFire3DSphericalPolarDFT.cu(549): warning : initial value of reference to non-const must be an lvalue
     1>D:/GitHub/RadonTransform/SphericalPolar3DTransformMEXArrayFire/SphericalPolar3DTransformMEXArrayFire/CUDAMexArrayFire3DSphericalPolarDFT.cu(550): warning : initial value of reference to non-const must be an lvalue
     1>D:/GitHub/RadonTransform/SphericalPolar3DTransformMEXArrayFire/SphericalPolar3DTransformMEXArrayFire/CUDAMexArrayFire3DSphericalPolarDFT.cu(613): warning : initial value of reference to non-const must be an lvalue
     1>D:/GitHub/RadonTransform/SphericalPolar3DTransformMEXArrayFire/SphericalPolar3DTransformMEXArrayFire/CUDAMexArrayFire3DSphericalPolarDFT.cu(616): warning : initial value of reference to non-const must be an lvalue
     1>D:/GitHub/RadonTransform/SphericalPolar3DTransformMEXArrayFire/SphericalPolar3DTransformMEXArrayFire/CUDAMexArrayFire3DSphericalPolarDFT.cu(617): warning : initial value of reference to non-const must be an lvalue
     1>D:/GitHub/RadonTransform/SphericalPolar3DTransformMEXArrayFire/SphericalPolar3DTransformMEXArrayFire/CUDAMexArrayFire3DSphericalPolarDFT.cu(711): warning : variable "N" was declared but never referenced
         CUDAMexArrayFire3DSphericalPolarDFT.cu
     1>D:/GitHub/RadonTransform/SphericalPolar3DTransformMEXArrayFire/SphericalPolar3DTransformMEXArrayFire/CUDAMexArrayFire3DSphericalPolarDFT.cu(287): warning C4244: 'initializing' : conversion from 'double' to 'int', possible loss of data
     1>D:/GitHub/RadonTransform/SphericalPolar3DTransformMEXArrayFire/SphericalPolar3DTransformMEXArrayFire/CUDAMexArrayFire3DSphericalPolarDFT.cu(355): warning C4244: 'initializing' : conversion from 'int' to 'float', possible loss of data
     1>D:/GitHub/RadonTransform/SphericalPolar3DTransformMEXArrayFire/SphericalPolar3DTransformMEXArrayFire/CUDAMexArrayFire3DSphericalPolarDFT.cu(358): warning C4244: 'argument' : conversion from 'float' to 'int', possible loss of data
     1>D:/GitHub/RadonTransform/SphericalPolar3DTransformMEXArrayFire/SphericalPolar3DTransformMEXArrayFire/CUDAMexArrayFire3DSphericalPolarDFT.cu(359): warning C4244: 'argument' : conversion from 'float' to 'int', possible loss of data
     1>D:/GitHub/RadonTransform/SphericalPolar3DTransformMEXArrayFire/SphericalPolar3DTransformMEXArrayFire/CUDAMexArrayFire3DSphericalPolarDFT.cu(367): warning C4244: 'argument' : conversion from 'double' to 'int', possible loss of data
     1>D:/GitHub/RadonTransform/SphericalPolar3DTransformMEXArrayFire/SphericalPolar3DTransformMEXArrayFire/CUDAMexArrayFire3DSphericalPolarDFT.cu(368): warning C4244: 'argument' : conversion from 'double' to 'int', possible loss of data
     1>D:/GitHub/RadonTransform/SphericalPolar3DTransformMEXArrayFire/SphericalPolar3DTransformMEXArrayFire/CUDAMexArrayFire3DSphericalPolarDFT.cu(688): warning C4267: 'initializing' : conversion from 'size_t' to 'int', possible loss of data
     1>D:/GitHub/RadonTransform/SphericalPolar3DTransformMEXArrayFire/SphericalPolar3DTransformMEXArrayFire/CUDAMexArrayFire3DSphericalPolarDFT.cu(708): warning C4267: '=' : conversion from 'size_t' to 'int', possible loss of data
     1>D:/GitHub/RadonTransform/SphericalPolar3DTransformMEXArrayFire/SphericalPolar3DTransformMEXArrayFire/CUDAMexArrayFire3DSphericalPolarDFT.cu(709): warning C4267: '=' : conversion from 'size_t' to 'int', possible loss of data
     1>D:/GitHub/RadonTransform/SphericalPolar3DTransformMEXArrayFire/SphericalPolar3DTransformMEXArrayFire/CUDAMexArrayFire3DSphericalPolarDFT.cu(710): warning C4267: '=' : conversion from 'size_t' to 'int', possible loss of data
     1>D:/GitHub/RadonTransform/SphericalPolar3DTransformMEXArrayFire/SphericalPolar3DTransformMEXArrayFire/CUDAMexArrayFire3DSphericalPolarDFT.cu(719): warning C4244: '=' : conversion from 'float' to 'int', possible loss of data
     1>D:/GitHub/RadonTransform/SphericalPolar3DTransformMEXArrayFire/SphericalPolar3DTransformMEXArrayFire/CUDAMexArrayFire3DSphericalPolarDFT.cu(720): warning C4244: '=' : conversion from 'float' to 'int', possible loss of data
       Link:
         C:\Program Files (x86)\Microsoft Visual Studio 12.0\VC\bin\x86_amd64\link.exe /ERRORREPORT:PROMPT /OUT:"D:\GitHub\RadonTransform\SphericalPolar3DTransformMEXArrayFire\x64\Release\SphericalPolar3DTransformMEXArrayFire.mexw64" /NOLOGO /LIBPATH:"C:\Program Files\ArrayFire\v3/lib" /LIBPATH:"C:\Program Files\MATLAB\MATLAB Production Server\R2015a\extern\lib\win64\microsoft" /LIBPATH:"C:\Program Files\NVIDIA GPU Computing Toolkit\CUDA\v7.5\lib\x64" cudart.lib kernel32.lib user32.lib gdi32.lib winspool.lib comdlg32.lib advapi32.lib shell32.lib ole32.lib oleaut32.lib uuid.lib odbc32.lib odbccp32.lib afcuda.lib libut.lib libmx.lib libmex.lib libmat.lib gpu.lib kernel32.lib user32.lib gdi32.lib winspool.lib comdlg32.lib advapi32.lib shell32.lib ole32.lib oleaut32.lib uuid.lib odbc32.lib odbccp32.lib /MANIFEST /ManifestFile:"x64\Release\SphericalPolar3DTransformMEXArrayFire.mexw64.intermediate.manifest" /MANIFESTUAC:"level='asInvoker' uiAccess='false'" /DEBUG /PDB:"D:\GitHub\RadonTransform\SphericalPolar3DTransformMEXArrayFire\x64\Release\SphericalPolar3DTransformMEXArrayFire.pdb" /MAP /SUBSYSTEM:CONSOLE /OPT:REF /OPT:ICF /LTCG /TLBID:1 /DYNAMICBASE /NXCOMPAT /IMPLIB:"D:\GitHub\RadonTransform\SphericalPolar3DTransformMEXArrayFire\x64\Release\SphericalPolar3DTransformMEXArrayFire.lib" /MACHINE:X64 /PROFILE  /EXPORT:mexFunction /DLL x64\Release\CUDAMexArrayFire3DSphericalPolarDFT.cu.obj
            Creating library D:\GitHub\RadonTransform\SphericalPolar3DTransformMEXArrayFire\x64\Release\SphericalPolar3DTransformMEXArrayFire.lib and object D:\GitHub\RadonTransform\SphericalPolar3DTransformMEXArrayFire\x64\Release\SphericalPolar3DTransformMEXArrayFire.exp
         LINK : /LTCG specified but no code generation required; remove /LTCG from the link command line to improve linker performance
         SphericalPolar3DTransformMEXArrayFire.vcxproj -> D:\GitHub\RadonTransform\SphericalPolar3DTransformMEXArrayFire\x64\Release\SphericalPolar3DTransformMEXArrayFire.mexw64
       Manifest:
         C:\Program Files (x86)\Windows Kits\8.1\bin\x86\mt.exe /nologo /verbose /out:"x64\Release\SphericalPolar3DTransformMEXArrayFire.mexw64.manifest" /manifest x64\Release\SphericalPolar3DTransformMEXArrayFire.mexw64.intermediate.manifest
       PostBuildEvent:
         echo copy "C:\Program Files\NVIDIA GPU Computing Toolkit\CUDA\v7.5\bin\cudart*.dll" "D:\GitHub\RadonTransform\SphericalPolar3DTransformMEXArrayFire\x64\Release\"
         copy "C:\Program Files\NVIDIA GPU Computing Toolkit\CUDA\v7.5\bin\cudart*.dll" "D:\GitHub\RadonTransform\SphericalPolar3DTransformMEXArrayFire\x64\Release\"
         echo copy "C:\Program Files\NVIDIA GPU Computing Toolkit\CUDA\v7.5\nvvm\bin\nvvm64*.dll" "D:\GitHub\RadonTransform\SphericalPolar3DTransformMEXArrayFire\x64\Release\"
         copy "C:\Program Files\NVIDIA GPU Computing Toolkit\CUDA\v7.5\nvvm\bin\nvvm64*.dll" "D:\GitHub\RadonTransform\SphericalPolar3DTransformMEXArrayFire\x64\Release\"
         copy "D:\GitHub\RadonTransform\SphericalPolar3DTransformMEXArrayFire\x64\Release\\SphericalPolar3DTransformMEXArrayFire.mexw64" "C:\Users\Alam Abbas\Google Drive\MATLAB\RadonProject\NewParallelWork\MEXArrayFireCUDA"
         
         :VCEnd
         copy "C:\Program Files\NVIDIA GPU Computing Toolkit\CUDA\v7.5\bin\cudart*.dll" "D:\GitHub\RadonTransform\SphericalPolar3DTransformMEXArrayFire\x64\Release\"
         C:\Program Files\NVIDIA GPU Computing Toolkit\CUDA\v7.5\bin\cudart32_75.dll
         C:\Program Files\NVIDIA GPU Computing Toolkit\CUDA\v7.5\bin\cudart64_75.dll
                 2 file(s) copied.
         copy "C:\Program Files\NVIDIA GPU Computing Toolkit\CUDA\v7.5\nvvm\bin\nvvm64*.dll" "D:\GitHub\RadonTransform\SphericalPolar3DTransformMEXArrayFire\x64\Release\"
         C:\Program Files\NVIDIA GPU Computing Toolkit\CUDA\v7.5\nvvm\bin\nvvm64_30_0.dll
                 1 file(s) copied.
                 1 file(s) copied.
     1>Done Building Project "D:\GitHub\RadonTransform\SphericalPolar3DTransformMEXArrayFire\SphericalPolar3DTransformMEXArrayFire\SphericalPolar3DTransformMEXArrayFire.vcxproj" (Rebuild target(s)).

Build succeeded.

Time Elapsed 00:00:06.97
