Build started 1/22/2017 9:24:24 PM.
     1>Project "D:\GitHub\RadonTransform\Polar2DTransformConsoleApp\Polar2DTransformConsoleApp\Polar2DTransformConsoleApp.vcxproj" on node 2 (Build target(s)).
     1>Link:
         C:\Program Files (x86)\Microsoft Visual Studio 12.0\VC\bin\x86_amd64\link.exe /ERRORREPORT:PROMPT /OUT:"D:\GitHub\RadonTransform\Polar2DTransformConsoleApp\x64\Debug\Polar2DTransformConsoleApp.exe" /INCREMENTAL /NOLOGO /LIBPATH:"C:\Program Files\ArrayFire\v3/lib" /LIBPATH:"C:\Program Files\NVIDIA GPU Computing Toolkit\CUDA\v7.5\lib\x64" cudart.lib kernel32.lib user32.lib gdi32.lib winspool.lib comdlg32.lib advapi32.lib shell32.lib ole32.lib oleaut32.lib uuid.lib odbc32.lib odbccp32.lib afcuda.lib kernel32.lib user32.lib gdi32.lib winspool.lib comdlg32.lib advapi32.lib shell32.lib ole32.lib oleaut32.lib uuid.lib odbc32.lib odbccp32.lib /MANIFEST /MANIFESTUAC:"level='asInvoker' uiAccess='false'" /manifest:embed /DEBUG /PDB:"D:\GitHub\RadonTransform\Polar2DTransformConsoleApp\x64\Debug\Polar2DTransformConsoleApp.pdb" /SUBSYSTEM:CONSOLE /TLBID:1 /DYNAMICBASE /NXCOMPAT /IMPLIB:"D:\GitHub\RadonTransform\Polar2DTransformConsoleApp\x64\Debug\Polar2DTransformConsoleApp.lib" /MACHINE:X64 x64\Debug\Test2DRadonOnConsole.cu.obj
         Polar2DTransformConsoleApp.vcxproj -> D:\GitHub\RadonTransform\Polar2DTransformConsoleApp\x64\Debug\Polar2DTransformConsoleApp.exe
       PostBuildEvent:
         echo copy "C:\Program Files\NVIDIA GPU Computing Toolkit\CUDA\v7.5\bin\cudart*.dll" "D:\GitHub\RadonTransform\Polar2DTransformConsoleApp\x64\Debug\"
         copy "C:\Program Files\NVIDIA GPU Computing Toolkit\CUDA\v7.5\bin\cudart*.dll" "D:\GitHub\RadonTransform\Polar2DTransformConsoleApp\x64\Debug\"
         echo copy "C:\Program Files\NVIDIA GPU Computing Toolkit\CUDA\v7.5\nvvm\bin\nvvm64*.dll" "D:\GitHub\RadonTransform\Polar2DTransformConsoleApp\x64\Debug\"
         copy "C:\Program Files\NVIDIA GPU Computing Toolkit\CUDA\v7.5\nvvm\bin\nvvm64*.dll" "D:\GitHub\RadonTransform\Polar2DTransformConsoleApp\x64\Debug\"
         
         :VCEnd
         copy "C:\Program Files\NVIDIA GPU Computing Toolkit\CUDA\v7.5\bin\cudart*.dll" "D:\GitHub\RadonTransform\Polar2DTransformConsoleApp\x64\Debug\"
         C:\Program Files\NVIDIA GPU Computing Toolkit\CUDA\v7.5\bin\cudart32_75.dll
         C:\Program Files\NVIDIA GPU Computing Toolkit\CUDA\v7.5\bin\cudart64_75.dll
                 2 file(s) copied.
         copy "C:\Program Files\NVIDIA GPU Computing Toolkit\CUDA\v7.5\nvvm\bin\nvvm64*.dll" "D:\GitHub\RadonTransform\Polar2DTransformConsoleApp\x64\Debug\"
         C:\Program Files\NVIDIA GPU Computing Toolkit\CUDA\v7.5\nvvm\bin\nvvm64_30_0.dll
                 1 file(s) copied.
     1>Done Building Project "D:\GitHub\RadonTransform\Polar2DTransformConsoleApp\Polar2DTransformConsoleApp\Polar2DTransformConsoleApp.vcxproj" (Build target(s)).

Build succeeded.

Time Elapsed 00:00:00.71
